fifo2
area   =        143.640000
power  =    3.033 
timing =    0.89

fifo4
area   =        253.512003
power  =    2.698 
timing =    0.83

fifo8
area   =        394.296007
power  =    2.450 
timing =    0.83

fifo16
area   =        699.888011
power  =    2.390 
timing =    0.79

fifo32
area   =       1303.176025
power  =    2.731 
timing =    0.78

fifo64
area   =       2397.024050
power  =    3.276 
timing =    0.79

fifo128
area   =       4610.256101
power  =    4.368 
timing =    0.68

fifo256
area   =       9191.112204
power  =    6.558 
timing =    0.71

fifo512
area   =      18130.560408
power  =   10.918 
timing =    0.74

fifo1024
area   =      35614.992810
power  =   19.624 
timing =    0.62

fifo2048
area   =      71738.689641
power  =   37.066 
timing =    0.69

fifo4096
area   =     143105.091279
power  =   71.811 
timing =    0.68

adder_tree4
area   =        192.359996
power  =   25.422 
timing =    0.58

adder_tree8
area   =        375.143993
power  =   37.029 
timing =    0.54

adder_tree16
area   =        732.311986
power  =   45.406 
timing =    0.50

adder_tree32
area   =       1455.887973
power  =   48.358 
timing =    0.46

adder_tree64
area   =       2902.871946
power  =   49.161 
timing =    0.41

adder_tree128
area   =       5795.663893
power  =   50.320 
timing =    0.36

adder_tree256
area   =      11578.223786
power  =   52.731 
timing =    0.32

adder_tree512
area   =      23148.551573
power  =   57.503 
timing =    0.28

adder_tree1024
area   =      46282.991147
power  =   66.885 
timing =    0.24

adder_tree2048
area   =      91877.014364
power  =   85.863 
timing =    0.20

adder_tree4096
area   =     183741.764729
power  =  123.772 
timing =    0.15

crossbar2
area   =         49.727999
power  =    0.255 
timing =    0.15

crossbar4
area   =        236.543996
power  =    0.568 
timing =    0.15

crossbar8
area   =        903.167980
power  =    0.887 
timing =    0.15

crossbar16
area   =       3096.576019
power  =    0.987 
timing =    0.15

crossbar32
area   =      10235.903717
power  =    2.445 
timing =    0.15

crossbar64
area   =      40771.582825
power  =    9.596 
timing =    0.15

crossbar128
area   =     180569.083580
power  =   43.462 
timing =    0.15

crossbar256
area   =     712707.054329
power  =  174.438 
timing =    0.15

crossbar512
area   =    3390922.679337
power  =  321.233 
timing =    0.15

