       143.640000
       253.512003
       394.296007
       699.888011
      1303.176025
      2397.024050
      4610.256101
      9191.112204
     18130.560408
     35614.992810
     71738.689641
    143105.091279
       192.359996
       375.143993
       732.311986
      1455.887973
      2902.871946
      5795.663893
     11578.223786
     23148.551573
     46282.991147
     91877.014364
    183741.764729
        49.727999
       236.543996
       903.167980
      3096.576019
     10235.903717
     40771.582825
    180569.083580
    712707.054329
   3390922.679337

   3.033 
   2.698 
   2.450 
   2.390 
   2.731 
   3.276 
   4.368 
   6.558 
  10.918 
  19.624 
  37.066 
  71.811 
  25.422 
  37.029 
  45.406 
  48.358 
  49.161 
  50.320 
  52.731 
  57.503 
  66.885 
  85.863 
 123.772 
   0.255 
   0.568 
   0.887 
   0.987 
   2.445 
   9.596 
  43.462 
 174.438 
 321.233 

   0.89
   0.83
   0.83
   0.79
   0.78
   0.79
   0.68
   0.71
   0.74
   0.62
   0.69
   0.68
   0.58
   0.54
   0.50
   0.46
   0.41
   0.36
   0.32
   0.28
   0.24
   0.20
   0.15
